 WARN [2015-07-09 18:24:27,729] (BaseRetryAspect.java:isLoginExceptionRetryable:117) - Login evaluation deemed exception not retry-able:
 LoginFault: Invalid username, password, security token; or user locked out.
 WARN [2015-07-09 18:24:27,752] (BaseRetryAspect.java:isConnectionExceptionRetryable:153) - Connection evaluation deemed exception not retry-able:
 LoginFault: Invalid username, password, security token; or user locked out.
 WARN [2015-07-09 18:24:27,758] (ProjectController.java:getRemotePackageNames:939) - Unable to get project packages for project 'sample project': Invalid username, password, security token; or user locked out.
 WARN [2015-07-09 18:24:27,797] (ProjectOrganizationPage.java:prepareNextPage:269) - Unable to login: Invalid username, password, security token; or user locked out.
 WARN [2015-07-09 18:25:02,148] (ComponentFactory.java:getComponentBean:1154) - Unable to get component for id 'AuraDefinitionBundle': Unable to get bean for id 'AuraDefinitionBundle'
 WARN [2015-07-09 18:25:02,154] (ComponentFactory.java:getComponentBean:1154) - Unable to get component for id 'ExternalDataSource': Unable to get bean for id 'ExternalDataSource'
 WARN [2015-07-09 18:25:02,159] (ComponentFactory.java:getComponentBean:1154) - Unable to get component for id 'NamedCredential': Unable to get bean for id 'NamedCredential'
 WARN [2015-07-09 18:25:02,174] (ComponentFactory.java:getComponentBean:1154) - Unable to get component for id 'MatchingRules': Unable to get bean for id 'MatchingRules'
 WARN [2015-07-09 18:25:02,179] (ComponentFactory.java:getComponentBean:1154) - Unable to get component for id 'ChannelLayout': Unable to get bean for id 'ChannelLayout'
 WARN [2015-07-09 18:25:02,184] (ComponentFactory.java:getComponentBean:1154) - Unable to get component for id 'SharingRules': Unable to get bean for id 'SharingRules'
 WARN [2015-07-09 18:25:02,190] (ComponentFactory.java:getComponentBean:1154) - Unable to get component for id 'CorsWhitelistOrigin': Unable to get bean for id 'CorsWhitelistOrigin'
 WARN [2015-07-09 18:25:02,195] (ComponentFactory.java:getComponentBean:1154) - Unable to get component for id 'ActionLinkGroupTemplate': Unable to get bean for id 'ActionLinkGroupTemplate'
 WARN [2015-07-09 18:25:02,200] (ComponentFactory.java:getComponentBean:1154) - Unable to get component for id 'SynonymDictionary': Unable to get bean for id 'SynonymDictionary'
 WARN [2015-07-09 18:25:03,356] (ComponentFactory.java:getComponentBean:1154) - Unable to get component for id 'AuraDefinitionBundle': Unable to get bean for id 'AuraDefinitionBundle'
 WARN [2015-07-09 18:25:03,362] (ComponentFactory.java:getComponentBean:1154) - Unable to get component for id 'ExternalDataSource': Unable to get bean for id 'ExternalDataSource'
 WARN [2015-07-09 18:25:03,391] (ComponentFactory.java:getComponentBean:1154) - Unable to get component for id 'NamedCredential': Unable to get bean for id 'NamedCredential'
 WARN [2015-07-09 18:25:03,402] (ComponentFactory.java:getComponentBean:1154) - Unable to get component for id 'MatchingRules': Unable to get bean for id 'MatchingRules'
 WARN [2015-07-09 18:25:03,407] (ComponentFactory.java:getComponentBean:1154) - Unable to get component for id 'ChannelLayout': Unable to get bean for id 'ChannelLayout'
 WARN [2015-07-09 18:25:03,412] (ComponentFactory.java:getComponentBean:1154) - Unable to get component for id 'SharingRules': Unable to get bean for id 'SharingRules'
 WARN [2015-07-09 18:25:03,418] (ComponentFactory.java:getComponentBean:1154) - Unable to get component for id 'CorsWhitelistOrigin': Unable to get bean for id 'CorsWhitelistOrigin'
 WARN [2015-07-09 18:25:03,431] (ComponentFactory.java:getComponentBean:1154) - Unable to get component for id 'ActionLinkGroupTemplate': Unable to get bean for id 'ActionLinkGroupTemplate'
 WARN [2015-07-09 18:25:03,436] (ComponentFactory.java:getComponentBean:1154) - Unable to get component for id 'SynonymDictionary': Unable to get bean for id 'SynonymDictionary'
 WARN [2015-07-09 18:35:43,572] (ComponentFactory.java:getCompositeComponentFromComponent:1102) - Unable to load existing 'pages/sample_page.page-meta.xml' from project - associated component's file resource is null.  Assuming new.
 WARN [2015-07-09 18:35:43,696] (ComponentController.java:deploy:402) - Remote save aborted - project is not online enabled
 WARN [2015-07-09 18:35:43,707] (Utils.java:loadDocument:799) - Unable to load document: C:\Users\Sudeep Khandekar\workspace\.metadata\.plugins\org.eclipse.core.resources\.projects\sample project\com.salesforce.ide.core\packageCache.xml (The system cannot find the file specified)
 WARN [2015-07-09 18:35:43,735] (ComponentController.java:run:380) - Unable to update cache with new component Visualforce Page - cache is not found
 WARN [2015-07-09 18:35:43,917] (DefaultBuilder.java:applyDirtyMarkers:93) - TODO: apply 'Save locally only...' markers on each resource
 WARN [2015-07-09 18:37:09,134] (ComponentFactory.java:getCompositeComponentFromComponent:1102) - Unable to load existing 'classes/SampleClass.cls-meta.xml' from project - associated component's file resource is null.  Assuming new.
 WARN [2015-07-09 18:37:09,614] (ComponentController.java:deploy:402) - Remote save aborted - project is not online enabled
 WARN [2015-07-09 18:37:09,620] (Utils.java:loadDocument:799) - Unable to load document: C:\Users\Sudeep Khandekar\workspace\.metadata\.plugins\org.eclipse.core.resources\.projects\sample project\com.salesforce.ide.core\packageCache.xml (The system cannot find the file specified)
 WARN [2015-07-09 18:37:09,623] (ComponentController.java:run:380) - Unable to update cache with new component Apex Class - cache is not found
 WARN [2015-07-09 18:37:09,943] (DefaultBuilder.java:applyDirtyMarkers:93) - TODO: apply 'Save locally only...' markers on each resource
ERROR [2015-07-09 18:37:59,437] (ProjectPackageList.java:generateComponents:482) - Filepath-zip mapping is null or empty for package 'unpackaged' [null] - skipping component generation
ERROR [2015-07-09 18:38:15,687] (ProjectPackageList.java:generateComponents:482) - Filepath-zip mapping is null or empty for package 'unpackaged' [null] - skipping component generation
 WARN [2015-07-09 18:44:29,880] (Component.java:getTemplate:631) - Not templates found
 WARN [2015-07-09 18:44:47,319] (ComponentController.java:deploy:402) - Remote save aborted - project is not online enabled
 WARN [2015-07-09 18:44:49,011] (Utils.java:loadDocument:799) - Unable to load document: C:\Users\Sudeep Khandekar\workspace\.metadata\.plugins\org.eclipse.core.resources\.projects\sample project\com.salesforce.ide.core\packageCache.xml (The system cannot find the file specified)
 WARN [2015-07-09 18:44:49,016] (ComponentController.java:run:380) - Unable to update cache with new component Custom Object - cache is not found
 WARN [2015-07-09 18:44:49,171] (DefaultBuilder.java:applyDirtyMarkers:93) - TODO: apply 'Save locally only...' markers on each resource
ERROR [2015-07-09 18:45:05,440] (ProjectPackageList.java:generateComponents:482) - Filepath-zip mapping is null or empty for package 'unpackaged' [null] - skipping component generation
 WARN [2015-07-09 18:49:05,756] (Component.java:getTemplate:631) - Not templates found
 WARN [2015-07-09 18:49:21,408] (ComponentController.java:deploy:402) - Remote save aborted - project is not online enabled
 WARN [2015-07-09 18:49:21,416] (Utils.java:loadDocument:799) - Unable to load document: C:\Users\Sudeep Khandekar\workspace\.metadata\.plugins\org.eclipse.core.resources\.projects\sample project\com.salesforce.ide.core\packageCache.xml (The system cannot find the file specified)
 WARN [2015-07-09 18:49:21,421] (ComponentController.java:run:380) - Unable to update cache with new component Custom Object - cache is not found
 WARN [2015-07-09 18:49:21,541] (DefaultBuilder.java:applyDirtyMarkers:93) - TODO: apply 'Save locally only...' markers on each resource
ERROR [2015-07-09 18:52:11,337] (SyncServiceListenerBroadcaster.java:handleException:59) - Error executing a contributed ISyncServiceListener
java.lang.NullPointerException
	at com.salesforce.ide.core.model.ComponentList.getComponentFactory(ComponentList.java:62)
	at com.salesforce.ide.core.model.ComponentList.getComponentListForComponentType(ComponentList.java:266)
	at com.salesforce.ide.debug.ui.sync.SyncActionListener.collectDebuggerElements(SyncActionListener.java:154)
	at com.salesforce.ide.debug.ui.sync.SyncActionListener.invalidateApexModelManager(SyncActionListener.java:122)
	at com.salesforce.ide.debug.ui.sync.SyncActionListener.projectSync(SyncActionListener.java:114)
	at com.salesforce.ide.core.services.hooks.SyncServiceListenerBroadcaster$1.run(SyncServiceListenerBroadcaster.java:54)
	at org.eclipse.core.runtime.SafeRunner.run(SafeRunner.java:42)
	at org.eclipse.ui.internal.JFaceUtil$1.run(JFaceUtil.java:49)
	at org.eclipse.jface.util.SafeRunnable.run(SafeRunnable.java:175)
	at com.salesforce.ide.core.services.hooks.SyncServiceListenerBroadcaster.executeExtension(SyncServiceListenerBroadcaster.java:62)
	at com.salesforce.ide.core.services.hooks.SyncServiceListenerBroadcaster.broadcast(SyncServiceListenerBroadcaster.java:40)
	at com.salesforce.ide.core.model.ProjectPackageList.saveResources(ProjectPackageList.java:1210)
	at com.salesforce.ide.core.model.ProjectPackageList.saveResources(ProjectPackageList.java:1127)
	at com.salesforce.ide.core.services.ProjectService$1.run(ProjectService.java:2103)
	at org.eclipse.core.internal.resources.Workspace.run(Workspace.java:2345)
	at com.salesforce.ide.core.services.ProjectService.handleRetrieveResult(ProjectService.java:2099)
	at com.salesforce.ide.ui.actions.RefreshResourceActionController.refreshSourceFolder(RefreshResourceActionController.java:238)
	at com.salesforce.ide.ui.actions.RefreshResourceActionController.handleSourceRefresh(RefreshResourceActionController.java:194)
	at com.salesforce.ide.ui.actions.RefreshResourceActionController.refreshResources(RefreshResourceActionController.java:161)
	at com.salesforce.ide.ui.actions.RefreshResourceAction$1.execute(RefreshResourceAction.java:77)
	at org.eclipse.ui.actions.WorkspaceModifyOperation$1.run(WorkspaceModifyOperation.java:106)
	at org.eclipse.core.internal.resources.Workspace.run(Workspace.java:2345)
	at org.eclipse.ui.actions.WorkspaceModifyOperation.run(WorkspaceModifyOperation.java:118)
	at org.eclipse.jface.operation.ModalContext$ModalContextThread.run(ModalContext.java:121)
ERROR [2015-07-09 18:55:27,548] (SyncServiceListenerBroadcaster.java:handleException:59) - Error executing a contributed ISyncServiceListener
java.lang.NullPointerException
	at com.salesforce.ide.core.model.ComponentList.getComponentFactory(ComponentList.java:62)
	at com.salesforce.ide.core.model.ComponentList.getComponentListForComponentType(ComponentList.java:266)
	at com.salesforce.ide.debug.ui.sync.SyncActionListener.collectDebuggerElements(SyncActionListener.java:154)
	at com.salesforce.ide.debug.ui.sync.SyncActionListener.invalidateApexModelManager(SyncActionListener.java:122)
	at com.salesforce.ide.debug.ui.sync.SyncActionListener.projectSync(SyncActionListener.java:114)
	at com.salesforce.ide.core.services.hooks.SyncServiceListenerBroadcaster$1.run(SyncServiceListenerBroadcaster.java:54)
	at org.eclipse.core.runtime.SafeRunner.run(SafeRunner.java:42)
	at org.eclipse.ui.internal.JFaceUtil$1.run(JFaceUtil.java:49)
	at org.eclipse.jface.util.SafeRunnable.run(SafeRunnable.java:175)
	at com.salesforce.ide.core.services.hooks.SyncServiceListenerBroadcaster.executeExtension(SyncServiceListenerBroadcaster.java:62)
	at com.salesforce.ide.core.services.hooks.SyncServiceListenerBroadcaster.broadcast(SyncServiceListenerBroadcaster.java:40)
	at com.salesforce.ide.core.model.ProjectPackageList.saveResources(ProjectPackageList.java:1210)
	at com.salesforce.ide.core.model.ProjectPackageList.saveResources(ProjectPackageList.java:1127)
	at com.salesforce.ide.core.services.ProjectService$1.run(ProjectService.java:2103)
	at org.eclipse.core.internal.resources.Workspace.run(Workspace.java:2345)
	at com.salesforce.ide.core.services.ProjectService.handleRetrieveResult(ProjectService.java:2099)
	at com.salesforce.ide.ui.actions.RefreshResourceActionController.refreshSourceFolder(RefreshResourceActionController.java:238)
	at com.salesforce.ide.ui.actions.RefreshResourceActionController.refreshResources(RefreshResourceActionController.java:146)
	at com.salesforce.ide.ui.actions.RefreshResourceAction$1.execute(RefreshResourceAction.java:77)
	at org.eclipse.ui.actions.WorkspaceModifyOperation$1.run(WorkspaceModifyOperation.java:106)
	at org.eclipse.core.internal.resources.Workspace.run(Workspace.java:2345)
	at org.eclipse.ui.actions.WorkspaceModifyOperation.run(WorkspaceModifyOperation.java:118)
	at org.eclipse.jface.operation.ModalContext$ModalContextThread.run(ModalContext.java:121)
 WARN [2015-07-09 18:55:40,392] (Utils.java:loadDocument:799) - Unable to load document: C:\Users\Sudeep Khandekar\workspace\.metadata\.plugins\org.eclipse.core.resources\.projects\sample project\com.salesforce.ide.core\packageCache.xml (The system cannot find the file specified)
 WARN [2015-07-09 18:55:54,740] (Utils.java:loadDocument:799) - Unable to load document: C:\Users\Sudeep Khandekar\workspace\.metadata\.plugins\org.eclipse.core.resources\.projects\sample project\com.salesforce.ide.core\packageCache.xml (The system cannot find the file specified)
 WARN [2015-07-09 18:55:55,752] (ComponentFactory.java:getComponentBean:1154) - Unable to get component for id 'AuraDefinitionBundle': Unable to get bean for id 'AuraDefinitionBundle'
 WARN [2015-07-09 18:55:55,761] (ComponentFactory.java:getComponentBean:1154) - Unable to get component for id 'ExternalDataSource': Unable to get bean for id 'ExternalDataSource'
 WARN [2015-07-09 18:55:55,768] (ComponentFactory.java:getComponentBean:1154) - Unable to get component for id 'NamedCredential': Unable to get bean for id 'NamedCredential'
 WARN [2015-07-09 18:55:55,781] (ComponentFactory.java:getComponentBean:1154) - Unable to get component for id 'MatchingRules': Unable to get bean for id 'MatchingRules'
 WARN [2015-07-09 18:55:55,785] (ComponentFactory.java:getComponentBean:1154) - Unable to get component for id 'ChannelLayout': Unable to get bean for id 'ChannelLayout'
 WARN [2015-07-09 18:55:55,790] (ComponentFactory.java:getComponentBean:1154) - Unable to get component for id 'SharingRules': Unable to get bean for id 'SharingRules'
 WARN [2015-07-09 18:55:55,796] (ComponentFactory.java:getComponentBean:1154) - Unable to get component for id 'CorsWhitelistOrigin': Unable to get bean for id 'CorsWhitelistOrigin'
 WARN [2015-07-09 18:55:55,801] (ComponentFactory.java:getComponentBean:1154) - Unable to get component for id 'ActionLinkGroupTemplate': Unable to get bean for id 'ActionLinkGroupTemplate'
 WARN [2015-07-09 18:55:55,805] (ComponentFactory.java:getComponentBean:1154) - Unable to get component for id 'SynonymDictionary': Unable to get bean for id 'SynonymDictionary'
 WARN [2015-07-09 18:55:56,822] (ComponentFactory.java:getComponentBean:1154) - Unable to get component for id 'AuraDefinitionBundle': Unable to get bean for id 'AuraDefinitionBundle'
 WARN [2015-07-09 18:55:56,830] (ComponentFactory.java:getComponentBean:1154) - Unable to get component for id 'ExternalDataSource': Unable to get bean for id 'ExternalDataSource'
 WARN [2015-07-09 18:55:56,838] (ComponentFactory.java:getComponentBean:1154) - Unable to get component for id 'NamedCredential': Unable to get bean for id 'NamedCredential'
 WARN [2015-07-09 18:55:56,853] (ComponentFactory.java:getComponentBean:1154) - Unable to get component for id 'MatchingRules': Unable to get bean for id 'MatchingRules'
 WARN [2015-07-09 18:55:56,857] (ComponentFactory.java:getComponentBean:1154) - Unable to get component for id 'ChannelLayout': Unable to get bean for id 'ChannelLayout'
 WARN [2015-07-09 18:55:56,861] (ComponentFactory.java:getComponentBean:1154) - Unable to get component for id 'SharingRules': Unable to get bean for id 'SharingRules'
 WARN [2015-07-09 18:55:56,866] (ComponentFactory.java:getComponentBean:1154) - Unable to get component for id 'CorsWhitelistOrigin': Unable to get bean for id 'CorsWhitelistOrigin'
 WARN [2015-07-09 18:55:56,870] (ComponentFactory.java:getComponentBean:1154) - Unable to get component for id 'ActionLinkGroupTemplate': Unable to get bean for id 'ActionLinkGroupTemplate'
 WARN [2015-07-09 18:55:56,874] (ComponentFactory.java:getComponentBean:1154) - Unable to get component for id 'SynonymDictionary': Unable to get bean for id 'SynonymDictionary'
 WARN [2015-07-09 18:55:57,895] (ComponentFactory.java:getComponentBean:1154) - Unable to get component for id 'AuraDefinitionBundle': Unable to get bean for id 'AuraDefinitionBundle'
 WARN [2015-07-09 18:55:57,903] (ComponentFactory.java:getComponentBean:1154) - Unable to get component for id 'ExternalDataSource': Unable to get bean for id 'ExternalDataSource'
 WARN [2015-07-09 18:55:57,908] (ComponentFactory.java:getComponentBean:1154) - Unable to get component for id 'NamedCredential': Unable to get bean for id 'NamedCredential'
 WARN [2015-07-09 18:55:57,922] (ComponentFactory.java:getComponentBean:1154) - Unable to get component for id 'MatchingRules': Unable to get bean for id 'MatchingRules'
 WARN [2015-07-09 18:55:57,926] (ComponentFactory.java:getComponentBean:1154) - Unable to get component for id 'ChannelLayout': Unable to get bean for id 'ChannelLayout'
 WARN [2015-07-09 18:55:57,934] (ComponentFactory.java:getComponentBean:1154) - Unable to get component for id 'SharingRules': Unable to get bean for id 'SharingRules'
 WARN [2015-07-09 18:55:57,939] (ComponentFactory.java:getComponentBean:1154) - Unable to get component for id 'CorsWhitelistOrigin': Unable to get bean for id 'CorsWhitelistOrigin'
 WARN [2015-07-09 18:55:57,943] (ComponentFactory.java:getComponentBean:1154) - Unable to get component for id 'ActionLinkGroupTemplate': Unable to get bean for id 'ActionLinkGroupTemplate'
 WARN [2015-07-09 18:55:57,947] (ComponentFactory.java:getComponentBean:1154) - Unable to get component for id 'SynonymDictionary': Unable to get bean for id 'SynonymDictionary'
 WARN [2015-07-09 18:55:58,980] (ComponentFactory.java:getComponentBean:1154) - Unable to get component for id 'AuraDefinitionBundle': Unable to get bean for id 'AuraDefinitionBundle'
 WARN [2015-07-09 18:55:58,988] (ComponentFactory.java:getComponentBean:1154) - Unable to get component for id 'ExternalDataSource': Unable to get bean for id 'ExternalDataSource'
 WARN [2015-07-09 18:55:58,994] (ComponentFactory.java:getComponentBean:1154) - Unable to get component for id 'NamedCredential': Unable to get bean for id 'NamedCredential'
 WARN [2015-07-09 18:55:59,012] (ComponentFactory.java:getComponentBean:1154) - Unable to get component for id 'MatchingRules': Unable to get bean for id 'MatchingRules'
 WARN [2015-07-09 18:55:59,016] (ComponentFactory.java:getComponentBean:1154) - Unable to get component for id 'ChannelLayout': Unable to get bean for id 'ChannelLayout'
 WARN [2015-07-09 18:55:59,020] (ComponentFactory.java:getComponentBean:1154) - Unable to get component for id 'SharingRules': Unable to get bean for id 'SharingRules'
 WARN [2015-07-09 18:55:59,026] (ComponentFactory.java:getComponentBean:1154) - Unable to get component for id 'CorsWhitelistOrigin': Unable to get bean for id 'CorsWhitelistOrigin'
 WARN [2015-07-09 18:55:59,030] (ComponentFactory.java:getComponentBean:1154) - Unable to get component for id 'ActionLinkGroupTemplate': Unable to get bean for id 'ActionLinkGroupTemplate'
 WARN [2015-07-09 18:55:59,034] (ComponentFactory.java:getComponentBean:1154) - Unable to get component for id 'SynonymDictionary': Unable to get bean for id 'SynonymDictionary'
 WARN [2015-07-09 18:56:00,461] (ComponentFactory.java:getComponentBean:1154) - Unable to get component for id 'AuraDefinitionBundle': Unable to get bean for id 'AuraDefinitionBundle'
 WARN [2015-07-09 18:56:00,468] (ComponentFactory.java:getComponentBean:1154) - Unable to get component for id 'ExternalDataSource': Unable to get bean for id 'ExternalDataSource'
 WARN [2015-07-09 18:56:00,474] (ComponentFactory.java:getComponentBean:1154) - Unable to get component for id 'NamedCredential': Unable to get bean for id 'NamedCredential'
 WARN [2015-07-09 18:56:00,486] (ComponentFactory.java:getComponentBean:1154) - Unable to get component for id 'MatchingRules': Unable to get bean for id 'MatchingRules'
 WARN [2015-07-09 18:56:00,490] (ComponentFactory.java:getComponentBean:1154) - Unable to get component for id 'ChannelLayout': Unable to get bean for id 'ChannelLayout'
 WARN [2015-07-09 18:56:00,494] (ComponentFactory.java:getComponentBean:1154) - Unable to get component for id 'SharingRules': Unable to get bean for id 'SharingRules'
 WARN [2015-07-09 18:56:00,498] (ComponentFactory.java:getComponentBean:1154) - Unable to get component for id 'CorsWhitelistOrigin': Unable to get bean for id 'CorsWhitelistOrigin'
 WARN [2015-07-09 18:56:00,502] (ComponentFactory.java:getComponentBean:1154) - Unable to get component for id 'ActionLinkGroupTemplate': Unable to get bean for id 'ActionLinkGroupTemplate'
 WARN [2015-07-09 18:56:00,506] (ComponentFactory.java:getComponentBean:1154) - Unable to get component for id 'SynonymDictionary': Unable to get bean for id 'SynonymDictionary'
 WARN [2015-07-09 18:56:21,301] (ComponentFactory.java:getComponentBean:1154) - Unable to get component for id 'ActionLinkGroupTemplate': Unable to get bean for id 'ActionLinkGroupTemplate'
 WARN [2015-07-09 18:56:21,335] (ComponentFactory.java:getComponentBean:1154) - Unable to get component for id 'AuraDefinitionBundle': Unable to get bean for id 'AuraDefinitionBundle'
 WARN [2015-07-09 18:56:21,351] (ComponentFactory.java:getComponentBean:1154) - Unable to get component for id 'BusinessProcess': Unable to get bean for id 'BusinessProcess'
 WARN [2015-07-09 18:56:21,357] (ComponentFactory.java:getComponentBean:1154) - Unable to get component for id 'ChannelLayout': Unable to get bean for id 'ChannelLayout'
 WARN [2015-07-09 18:56:21,368] (ComponentFactory.java:getComponentBean:1154) - Unable to get component for id 'CompactLayout': Unable to get bean for id 'CompactLayout'
 WARN [2015-07-09 18:56:21,374] (ComponentFactory.java:getComponentBean:1154) - Unable to get component for id 'CorsWhitelistOrigin': Unable to get bean for id 'CorsWhitelistOrigin'
 WARN [2015-07-09 18:56:21,381] (ComponentFactory.java:getComponentBean:1154) - Unable to get component for id 'CustomField': Unable to get bean for id 'CustomField'
 WARN [2015-07-09 18:56:21,388] (ComponentFactory.java:getComponentBean:1154) - Unable to get component for id 'CustomLabel': Unable to get bean for id 'CustomLabel'
 WARN [2015-07-09 18:56:21,903] (ComponentFactory.java:getComponentBean:1154) - Unable to get component for id 'AuraDefinitionBundle': Unable to get bean for id 'AuraDefinitionBundle'
 WARN [2015-07-09 18:56:21,910] (ComponentFactory.java:getComponentBean:1154) - Unable to get component for id 'ExternalDataSource': Unable to get bean for id 'ExternalDataSource'
 WARN [2015-07-09 18:56:21,916] (ComponentFactory.java:getComponentBean:1154) - Unable to get component for id 'NamedCredential': Unable to get bean for id 'NamedCredential'
 WARN [2015-07-09 18:56:21,933] (ComponentFactory.java:getComponentBean:1154) - Unable to get component for id 'MatchingRules': Unable to get bean for id 'MatchingRules'
 WARN [2015-07-09 18:56:21,938] (ComponentFactory.java:getComponentBean:1154) - Unable to get component for id 'ChannelLayout': Unable to get bean for id 'ChannelLayout'
 WARN [2015-07-09 18:56:21,942] (ComponentFactory.java:getComponentBean:1154) - Unable to get component for id 'SharingRules': Unable to get bean for id 'SharingRules'
 WARN [2015-07-09 18:56:21,948] (ComponentFactory.java:getComponentBean:1154) - Unable to get component for id 'CorsWhitelistOrigin': Unable to get bean for id 'CorsWhitelistOrigin'
 WARN [2015-07-09 18:56:21,952] (ComponentFactory.java:getComponentBean:1154) - Unable to get component for id 'ActionLinkGroupTemplate': Unable to get bean for id 'ActionLinkGroupTemplate'
 WARN [2015-07-09 18:56:21,956] (ComponentFactory.java:getComponentBean:1154) - Unable to get component for id 'SynonymDictionary': Unable to get bean for id 'SynonymDictionary'
 WARN [2015-07-09 18:56:23,245] (ComponentFactory.java:getComponentBean:1154) - Unable to get component for id 'AuraDefinitionBundle': Unable to get bean for id 'AuraDefinitionBundle'
 WARN [2015-07-09 18:56:23,252] (ComponentFactory.java:getComponentBean:1154) - Unable to get component for id 'ExternalDataSource': Unable to get bean for id 'ExternalDataSource'
 WARN [2015-07-09 18:56:23,259] (ComponentFactory.java:getComponentBean:1154) - Unable to get component for id 'NamedCredential': Unable to get bean for id 'NamedCredential'
 WARN [2015-07-09 18:56:23,279] (ComponentFactory.java:getComponentBean:1154) - Unable to get component for id 'MatchingRules': Unable to get bean for id 'MatchingRules'
 WARN [2015-07-09 18:56:23,285] (ComponentFactory.java:getComponentBean:1154) - Unable to get component for id 'ChannelLayout': Unable to get bean for id 'ChannelLayout'
 WARN [2015-07-09 18:56:23,289] (ComponentFactory.java:getComponentBean:1154) - Unable to get component for id 'SharingRules': Unable to get bean for id 'SharingRules'
 WARN [2015-07-09 18:56:23,297] (ComponentFactory.java:getComponentBean:1154) - Unable to get component for id 'CorsWhitelistOrigin': Unable to get bean for id 'CorsWhitelistOrigin'
 WARN [2015-07-09 18:56:23,303] (ComponentFactory.java:getComponentBean:1154) - Unable to get component for id 'ActionLinkGroupTemplate': Unable to get bean for id 'ActionLinkGroupTemplate'
 WARN [2015-07-09 18:56:23,309] (ComponentFactory.java:getComponentBean:1154) - Unable to get component for id 'SynonymDictionary': Unable to get bean for id 'SynonymDictionary'
 WARN [2015-07-09 18:56:24,441] (ComponentFactory.java:getComponentBean:1154) - Unable to get component for id 'AuraDefinitionBundle': Unable to get bean for id 'AuraDefinitionBundle'
 WARN [2015-07-09 18:56:24,448] (ComponentFactory.java:getComponentBean:1154) - Unable to get component for id 'ExternalDataSource': Unable to get bean for id 'ExternalDataSource'
 WARN [2015-07-09 18:56:24,454] (ComponentFactory.java:getComponentBean:1154) - Unable to get component for id 'NamedCredential': Unable to get bean for id 'NamedCredential'
 WARN [2015-07-09 18:56:24,473] (ComponentFactory.java:getComponentBean:1154) - Unable to get component for id 'MatchingRules': Unable to get bean for id 'MatchingRules'
 WARN [2015-07-09 18:56:24,479] (ComponentFactory.java:getComponentBean:1154) - Unable to get component for id 'ChannelLayout': Unable to get bean for id 'ChannelLayout'
 WARN [2015-07-09 18:56:24,483] (ComponentFactory.java:getComponentBean:1154) - Unable to get component for id 'SharingRules': Unable to get bean for id 'SharingRules'
 WARN [2015-07-09 18:56:24,489] (ComponentFactory.java:getComponentBean:1154) - Unable to get component for id 'CorsWhitelistOrigin': Unable to get bean for id 'CorsWhitelistOrigin'
 WARN [2015-07-09 18:56:24,493] (ComponentFactory.java:getComponentBean:1154) - Unable to get component for id 'ActionLinkGroupTemplate': Unable to get bean for id 'ActionLinkGroupTemplate'
 WARN [2015-07-09 18:56:24,498] (ComponentFactory.java:getComponentBean:1154) - Unable to get component for id 'SynonymDictionary': Unable to get bean for id 'SynonymDictionary'
 WARN [2015-07-09 18:56:24,997] (ComponentFactory.java:getComponentBean:1154) - Unable to get component for id 'ExternalDataSource': Unable to get bean for id 'ExternalDataSource'
 WARN [2015-07-09 18:56:25,003] (ComponentFactory.java:getComponentBean:1154) - Unable to get component for id 'FieldSet': Unable to get bean for id 'FieldSet'
 WARN [2015-07-09 18:56:25,016] (ComponentFactory.java:getComponentBean:1154) - Unable to get component for id 'ListView': Unable to get bean for id 'ListView'
 WARN [2015-07-09 18:56:25,022] (ComponentFactory.java:getComponentBean:1154) - Unable to get component for id 'MatchingRule': Unable to get bean for id 'MatchingRule'
 WARN [2015-07-09 18:56:25,027] (ComponentFactory.java:getComponentBean:1154) - Unable to get component for id 'MatchingRules': Unable to get bean for id 'MatchingRules'
 WARN [2015-07-09 18:56:25,030] (ComponentFactory.java:getComponentBean:1154) - Unable to get component for id 'NamedCredential': Unable to get bean for id 'NamedCredential'
 WARN [2015-07-09 18:56:25,037] (ComponentFactory.java:getComponentBean:1154) - Unable to get component for id 'RecordType': Unable to get bean for id 'RecordType'
 WARN [2015-07-09 18:56:25,548] (ComponentFactory.java:getComponentBean:1154) - Unable to get component for id 'AuraDefinitionBundle': Unable to get bean for id 'AuraDefinitionBundle'
 WARN [2015-07-09 18:56:25,555] (ComponentFactory.java:getComponentBean:1154) - Unable to get component for id 'ExternalDataSource': Unable to get bean for id 'ExternalDataSource'
 WARN [2015-07-09 18:56:25,561] (ComponentFactory.java:getComponentBean:1154) - Unable to get component for id 'NamedCredential': Unable to get bean for id 'NamedCredential'
 WARN [2015-07-09 18:56:25,577] (ComponentFactory.java:getComponentBean:1154) - Unable to get component for id 'MatchingRules': Unable to get bean for id 'MatchingRules'
 WARN [2015-07-09 18:56:25,584] (ComponentFactory.java:getComponentBean:1154) - Unable to get component for id 'ChannelLayout': Unable to get bean for id 'ChannelLayout'
 WARN [2015-07-09 18:56:25,589] (ComponentFactory.java:getComponentBean:1154) - Unable to get component for id 'SharingRules': Unable to get bean for id 'SharingRules'
 WARN [2015-07-09 18:56:25,594] (ComponentFactory.java:getComponentBean:1154) - Unable to get component for id 'CorsWhitelistOrigin': Unable to get bean for id 'CorsWhitelistOrigin'
 WARN [2015-07-09 18:56:25,598] (ComponentFactory.java:getComponentBean:1154) - Unable to get component for id 'ActionLinkGroupTemplate': Unable to get bean for id 'ActionLinkGroupTemplate'
 WARN [2015-07-09 18:56:25,601] (ComponentFactory.java:getComponentBean:1154) - Unable to get component for id 'SynonymDictionary': Unable to get bean for id 'SynonymDictionary'
 WARN [2015-07-09 18:56:26,115] (ComponentFactory.java:getComponentBean:1154) - Unable to get component for id 'SharingCriteriaRule': Unable to get bean for id 'SharingCriteriaRule'
 WARN [2015-07-09 18:56:26,122] (ComponentFactory.java:getComponentBean:1154) - Unable to get component for id 'SharingOwnerRule': Unable to get bean for id 'SharingOwnerRule'
 WARN [2015-07-09 18:56:26,129] (ComponentFactory.java:getComponentBean:1154) - Unable to get component for id 'SharingReason': Unable to get bean for id 'SharingReason'
 WARN [2015-07-09 18:56:26,134] (ComponentFactory.java:getComponentBean:1154) - Unable to get component for id 'SharingRules': Unable to get bean for id 'SharingRules'
 WARN [2015-07-09 18:56:26,141] (ComponentFactory.java:getComponentBean:1154) - Unable to get component for id 'ValidationRule': Unable to get bean for id 'ValidationRule'
 WARN [2015-07-09 18:56:26,145] (ComponentFactory.java:getComponentBean:1154) - Unable to get component for id 'WebLink': Unable to get bean for id 'WebLink'
 WARN [2015-07-09 18:56:26,150] (ComponentFactory.java:getComponentBean:1154) - Unable to get component for id 'WorkflowAlert': Unable to get bean for id 'WorkflowAlert'
 WARN [2015-07-09 18:56:26,155] (ComponentFactory.java:getComponentBean:1154) - Unable to get component for id 'WorkflowFieldUpdate': Unable to get bean for id 'WorkflowFieldUpdate'
 WARN [2015-07-09 18:56:26,159] (ComponentFactory.java:getComponentBean:1154) - Unable to get component for id 'WorkflowKnowledgePublish': Unable to get bean for id 'WorkflowKnowledgePublish'
 WARN [2015-07-09 18:56:26,162] (ComponentFactory.java:getComponentBean:1154) - Unable to get component for id 'WorkflowOutboundMessage': Unable to get bean for id 'WorkflowOutboundMessage'
 WARN [2015-07-09 18:56:26,166] (ComponentFactory.java:getComponentBean:1154) - Unable to get component for id 'WorkflowRule': Unable to get bean for id 'WorkflowRule'
 WARN [2015-07-09 18:56:26,170] (ComponentFactory.java:getComponentBean:1154) - Unable to get component for id 'WorkflowSend': Unable to get bean for id 'WorkflowSend'
 WARN [2015-07-09 18:56:26,174] (ComponentFactory.java:getComponentBean:1154) - Unable to get component for id 'WorkflowTask': Unable to get bean for id 'WorkflowTask'
 WARN [2015-07-09 18:56:26,233] (ComponentFactory.java:getComponentBean:1154) - Unable to get component for id 'ActionLinkGroupTemplate': Unable to get bean for id 'ActionLinkGroupTemplate'
 WARN [2015-07-09 18:56:26,244] (ComponentFactory.java:getComponentBean:1154) - Unable to get component for id 'AuraDefinitionBundle': Unable to get bean for id 'AuraDefinitionBundle'
 WARN [2015-07-09 18:56:26,250] (ComponentFactory.java:getComponentBean:1154) - Unable to get component for id 'ChannelLayout': Unable to get bean for id 'ChannelLayout'
 WARN [2015-07-09 18:56:26,271] (ComponentFactory.java:getComponentBean:1154) - Unable to get component for id 'CorsWhitelistOrigin': Unable to get bean for id 'CorsWhitelistOrigin'
 WARN [2015-07-09 18:56:26,320] (ComponentFactory.java:getComponentBean:1154) - Unable to get component for id 'ExternalDataSource': Unable to get bean for id 'ExternalDataSource'
 WARN [2015-07-09 18:56:26,326] (ComponentFactory.java:getComponentBean:1154) - Unable to get component for id 'MatchingRule': Unable to get bean for id 'MatchingRule'
 WARN [2015-07-09 18:56:26,330] (ComponentFactory.java:getComponentBean:1154) - Unable to get component for id 'MatchingRules': Unable to get bean for id 'MatchingRules'
 WARN [2015-07-09 18:56:26,333] (ComponentFactory.java:getComponentBean:1154) - Unable to get component for id 'NamedCredential': Unable to get bean for id 'NamedCredential'
 WARN [2015-07-09 18:56:26,340] (ComponentFactory.java:getComponentBean:1154) - Unable to get component for id 'SharingCriteriaRule': Unable to get bean for id 'SharingCriteriaRule'
 WARN [2015-07-09 18:56:26,344] (ComponentFactory.java:getComponentBean:1154) - Unable to get component for id 'SharingOwnerRule': Unable to get bean for id 'SharingOwnerRule'
 WARN [2015-07-09 18:56:26,348] (ComponentFactory.java:getComponentBean:1154) - Unable to get component for id 'SharingRules': Unable to get bean for id 'SharingRules'
 WARN [2015-07-09 18:59:52,824] (ComponentFactory.java:getComponentBean:1154) - Unable to get component for id 'ActionLinkGroupTemplate': Unable to get bean for id 'ActionLinkGroupTemplate'
 WARN [2015-07-09 18:59:52,833] (ComponentFactory.java:getComponentBean:1154) - Unable to get component for id 'AuraDefinitionBundle': Unable to get bean for id 'AuraDefinitionBundle'
 WARN [2015-07-09 18:59:52,838] (ComponentFactory.java:getComponentBean:1154) - Unable to get component for id 'ChannelLayout': Unable to get bean for id 'ChannelLayout'
 WARN [2015-07-09 18:59:52,843] (ComponentFactory.java:getComponentBean:1154) - Unable to get component for id 'CorsWhitelistOrigin': Unable to get bean for id 'CorsWhitelistOrigin'
 WARN [2015-07-09 18:59:52,870] (ComponentFactory.java:getComponentBean:1154) - Unable to get component for id 'ExternalDataSource': Unable to get bean for id 'ExternalDataSource'
 WARN [2015-07-09 18:59:52,935] (ComponentFactory.java:getComponentBean:1154) - Unable to get component for id 'MatchingRule': Unable to get bean for id 'MatchingRule'
 WARN [2015-07-09 18:59:52,944] (ComponentFactory.java:getComponentBean:1154) - Unable to get component for id 'MatchingRules': Unable to get bean for id 'MatchingRules'
 WARN [2015-07-09 18:59:52,949] (ComponentFactory.java:getComponentBean:1154) - Unable to get component for id 'NamedCredential': Unable to get bean for id 'NamedCredential'
 WARN [2015-07-09 18:59:52,959] (ComponentFactory.java:getComponentBean:1154) - Unable to get component for id 'SharingCriteriaRule': Unable to get bean for id 'SharingCriteriaRule'
 WARN [2015-07-09 18:59:52,963] (ComponentFactory.java:getComponentBean:1154) - Unable to get component for id 'SharingOwnerRule': Unable to get bean for id 'SharingOwnerRule'
 WARN [2015-07-09 18:59:52,966] (ComponentFactory.java:getComponentBean:1154) - Unable to get component for id 'SharingRules': Unable to get bean for id 'SharingRules'
ERROR [2015-07-09 19:01:20,969] (SyncServiceListenerBroadcaster.java:handleException:59) - Error executing a contributed ISyncServiceListener
java.lang.NullPointerException
	at com.salesforce.ide.core.model.ComponentList.getComponentFactory(ComponentList.java:62)
	at com.salesforce.ide.core.model.ComponentList.getComponentListForComponentType(ComponentList.java:266)
	at com.salesforce.ide.debug.ui.sync.SyncActionListener.collectDebuggerElements(SyncActionListener.java:154)
	at com.salesforce.ide.debug.ui.sync.SyncActionListener.invalidateApexModelManager(SyncActionListener.java:122)
	at com.salesforce.ide.debug.ui.sync.SyncActionListener.projectSync(SyncActionListener.java:114)
	at com.salesforce.ide.core.services.hooks.SyncServiceListenerBroadcaster$1.run(SyncServiceListenerBroadcaster.java:54)
	at org.eclipse.core.runtime.SafeRunner.run(SafeRunner.java:42)
	at org.eclipse.ui.internal.JFaceUtil$1.run(JFaceUtil.java:49)
	at org.eclipse.jface.util.SafeRunnable.run(SafeRunnable.java:175)
	at com.salesforce.ide.core.services.hooks.SyncServiceListenerBroadcaster.executeExtension(SyncServiceListenerBroadcaster.java:62)
	at com.salesforce.ide.core.services.hooks.SyncServiceListenerBroadcaster.broadcast(SyncServiceListenerBroadcaster.java:40)
	at com.salesforce.ide.core.model.ProjectPackageList.saveResources(ProjectPackageList.java:1210)
	at com.salesforce.ide.core.model.ProjectPackageList.saveResources(ProjectPackageList.java:1127)
	at com.salesforce.ide.core.services.ProjectService$1.run(ProjectService.java:2103)
	at org.eclipse.core.internal.resources.Workspace.run(Workspace.java:2345)
	at com.salesforce.ide.core.services.ProjectService.handleRetrieveResult(ProjectService.java:2099)
	at com.salesforce.ide.ui.actions.RefreshResourceActionController.refreshSourceFolder(RefreshResourceActionController.java:238)
	at com.salesforce.ide.ui.actions.RefreshResourceActionController.handleSourceRefresh(RefreshResourceActionController.java:194)
	at com.salesforce.ide.ui.actions.RefreshResourceActionController.refreshResources(RefreshResourceActionController.java:161)
	at com.salesforce.ide.ui.actions.RefreshResourceAction$1.execute(RefreshResourceAction.java:77)
	at org.eclipse.ui.actions.WorkspaceModifyOperation$1.run(WorkspaceModifyOperation.java:106)
	at org.eclipse.core.internal.resources.Workspace.run(Workspace.java:2345)
	at org.eclipse.ui.actions.WorkspaceModifyOperation.run(WorkspaceModifyOperation.java:118)
	at org.eclipse.jface.operation.ModalContext$ModalContextThread.run(ModalContext.java:121)
ERROR [2015-07-09 19:02:45,786] (SyncServiceListenerBroadcaster.java:handleException:59) - Error executing a contributed ISyncServiceListener
java.lang.NullPointerException
	at com.salesforce.ide.core.model.ComponentList.getComponentFactory(ComponentList.java:62)
	at com.salesforce.ide.core.model.ComponentList.getComponentListForComponentType(ComponentList.java:266)
	at com.salesforce.ide.debug.ui.sync.SyncActionListener.collectDebuggerElements(SyncActionListener.java:154)
	at com.salesforce.ide.debug.ui.sync.SyncActionListener.invalidateApexModelManager(SyncActionListener.java:122)
	at com.salesforce.ide.debug.ui.sync.SyncActionListener.projectSync(SyncActionListener.java:114)
	at com.salesforce.ide.core.services.hooks.SyncServiceListenerBroadcaster$1.run(SyncServiceListenerBroadcaster.java:54)
	at org.eclipse.core.runtime.SafeRunner.run(SafeRunner.java:42)
	at org.eclipse.ui.internal.JFaceUtil$1.run(JFaceUtil.java:49)
	at org.eclipse.jface.util.SafeRunnable.run(SafeRunnable.java:175)
	at com.salesforce.ide.core.services.hooks.SyncServiceListenerBroadcaster.executeExtension(SyncServiceListenerBroadcaster.java:62)
	at com.salesforce.ide.core.services.hooks.SyncServiceListenerBroadcaster.broadcast(SyncServiceListenerBroadcaster.java:40)
	at com.salesforce.ide.core.model.ProjectPackageList.saveResources(ProjectPackageList.java:1210)
	at com.salesforce.ide.core.model.ProjectPackageList.saveResources(ProjectPackageList.java:1127)
	at com.salesforce.ide.core.services.ProjectService$1.run(ProjectService.java:2103)
	at org.eclipse.core.internal.resources.Workspace.run(Workspace.java:2345)
	at com.salesforce.ide.core.services.ProjectService.handleRetrieveResult(ProjectService.java:2099)
	at com.salesforce.ide.ui.actions.RefreshResourceActionController.refreshSourceFolder(RefreshResourceActionController.java:238)
	at com.salesforce.ide.ui.actions.RefreshResourceActionController.refreshResources(RefreshResourceActionController.java:146)
	at com.salesforce.ide.ui.actions.RefreshResourceAction$1.execute(RefreshResourceAction.java:77)
	at org.eclipse.ui.actions.WorkspaceModifyOperation$1.run(WorkspaceModifyOperation.java:106)
	at org.eclipse.core.internal.resources.Workspace.run(Workspace.java:2345)
	at org.eclipse.ui.actions.WorkspaceModifyOperation.run(WorkspaceModifyOperation.java:118)
	at org.eclipse.jface.operation.ModalContext$ModalContextThread.run(ModalContext.java:121)
ERROR [2015-07-09 19:04:14,966] (SyncServiceListenerBroadcaster.java:handleException:59) - Error executing a contributed ISyncServiceListener
java.lang.NullPointerException
	at com.salesforce.ide.core.model.ComponentList.getComponentFactory(ComponentList.java:62)
	at com.salesforce.ide.core.model.ComponentList.getComponentListForComponentType(ComponentList.java:266)
	at com.salesforce.ide.debug.ui.sync.SyncActionListener.collectDebuggerElements(SyncActionListener.java:154)
	at com.salesforce.ide.debug.ui.sync.SyncActionListener.invalidateApexModelManager(SyncActionListener.java:122)
	at com.salesforce.ide.debug.ui.sync.SyncActionListener.projectSync(SyncActionListener.java:114)
	at com.salesforce.ide.core.services.hooks.SyncServiceListenerBroadcaster$1.run(SyncServiceListenerBroadcaster.java:54)
	at org.eclipse.core.runtime.SafeRunner.run(SafeRunner.java:42)
	at org.eclipse.ui.internal.JFaceUtil$1.run(JFaceUtil.java:49)
	at org.eclipse.jface.util.SafeRunnable.run(SafeRunnable.java:175)
	at com.salesforce.ide.core.services.hooks.SyncServiceListenerBroadcaster.executeExtension(SyncServiceListenerBroadcaster.java:62)
	at com.salesforce.ide.core.services.hooks.SyncServiceListenerBroadcaster.broadcast(SyncServiceListenerBroadcaster.java:40)
	at com.salesforce.ide.core.model.ProjectPackageList.saveResources(ProjectPackageList.java:1210)
	at com.salesforce.ide.core.model.ProjectPackageList.saveResources(ProjectPackageList.java:1127)
	at com.salesforce.ide.core.services.ProjectService$1.run(ProjectService.java:2103)
	at org.eclipse.core.internal.resources.Workspace.run(Workspace.java:2345)
	at com.salesforce.ide.core.services.ProjectService.handleRetrieveResult(ProjectService.java:2099)
	at com.salesforce.ide.ui.actions.RefreshResourceActionController.refreshSourceFolder(RefreshResourceActionController.java:238)
	at com.salesforce.ide.ui.actions.RefreshResourceActionController.handleSourceRefresh(RefreshResourceActionController.java:194)
	at com.salesforce.ide.ui.actions.RefreshResourceActionController.refreshResources(RefreshResourceActionController.java:161)
	at com.salesforce.ide.ui.actions.RefreshResourceAction$1.execute(RefreshResourceAction.java:77)
	at org.eclipse.ui.actions.WorkspaceModifyOperation$1.run(WorkspaceModifyOperation.java:106)
	at org.eclipse.core.internal.resources.Workspace.run(Workspace.java:2345)
	at org.eclipse.ui.actions.WorkspaceModifyOperation.run(WorkspaceModifyOperation.java:118)
	at org.eclipse.jface.operation.ModalContext$ModalContextThread.run(ModalContext.java:121)
 WARN [2015-07-09 19:04:52,470] (DefaultBuilder.java:applyDirtyMarkers:93) - TODO: apply 'Save locally only...' markers on each resource
ERROR [2015-07-09 19:05:06,554] (SyncServiceListenerBroadcaster.java:handleException:59) - Error executing a contributed ISyncServiceListener
java.lang.NullPointerException
	at com.salesforce.ide.core.model.ComponentList.getComponentFactory(ComponentList.java:62)
	at com.salesforce.ide.core.model.ComponentList.getComponentListForComponentType(ComponentList.java:266)
	at com.salesforce.ide.debug.ui.sync.SyncActionListener.collectDebuggerElements(SyncActionListener.java:154)
	at com.salesforce.ide.debug.ui.sync.SyncActionListener.invalidateApexModelManager(SyncActionListener.java:122)
	at com.salesforce.ide.debug.ui.sync.SyncActionListener.projectSync(SyncActionListener.java:114)
	at com.salesforce.ide.core.services.hooks.SyncServiceListenerBroadcaster$1.run(SyncServiceListenerBroadcaster.java:54)
	at org.eclipse.core.runtime.SafeRunner.run(SafeRunner.java:42)
	at org.eclipse.ui.internal.JFaceUtil$1.run(JFaceUtil.java:49)
	at org.eclipse.jface.util.SafeRunnable.run(SafeRunnable.java:175)
	at com.salesforce.ide.core.services.hooks.SyncServiceListenerBroadcaster.executeExtension(SyncServiceListenerBroadcaster.java:62)
	at com.salesforce.ide.core.services.hooks.SyncServiceListenerBroadcaster.broadcast(SyncServiceListenerBroadcaster.java:40)
	at com.salesforce.ide.core.model.ProjectPackageList.saveResources(ProjectPackageList.java:1210)
	at com.salesforce.ide.core.model.ProjectPackageList.saveResources(ProjectPackageList.java:1127)
	at com.salesforce.ide.core.services.ProjectService$1.run(ProjectService.java:2103)
	at org.eclipse.core.internal.resources.Workspace.run(Workspace.java:2345)
	at com.salesforce.ide.core.services.ProjectService.handleRetrieveResult(ProjectService.java:2099)
	at com.salesforce.ide.ui.actions.RefreshResourceActionController.refreshSourceFolder(RefreshResourceActionController.java:238)
	at com.salesforce.ide.ui.actions.RefreshResourceActionController.handleSourceRefresh(RefreshResourceActionController.java:194)
	at com.salesforce.ide.ui.actions.RefreshResourceActionController.refreshResources(RefreshResourceActionController.java:161)
	at com.salesforce.ide.ui.actions.RefreshResourceAction$1.execute(RefreshResourceAction.java:77)
	at org.eclipse.ui.actions.WorkspaceModifyOperation$1.run(WorkspaceModifyOperation.java:106)
	at org.eclipse.core.internal.resources.Workspace.run(Workspace.java:2345)
	at org.eclipse.ui.actions.WorkspaceModifyOperation.run(WorkspaceModifyOperation.java:118)
	at org.eclipse.jface.operation.ModalContext$ModalContextThread.run(ModalContext.java:121)
 WARN [2015-07-09 19:09:37,745] (ComponentFactory.java:getCompositeComponentFromComponent:1102) - Unable to load existing 'triggers/SampleTrigger.trigger-meta.xml' from project - associated component's file resource is null.  Assuming new.
 WARN [2015-07-09 19:09:37,835] (ComponentController.java:deploy:402) - Remote save aborted - project is not online enabled
 WARN [2015-07-09 19:09:37,988] (DefaultBuilder.java:applyDirtyMarkers:93) - TODO: apply 'Save locally only...' markers on each resource
ERROR [2015-07-09 19:10:59,077] (ProjectPackageList.java:generateComponents:482) - Filepath-zip mapping is null or empty for package 'unpackaged' [null] - skipping component generation
 WARN [2015-07-09 19:11:57,133] (ComponentFactory.java:getComponentBean:1154) - Unable to get component for id 'ActionLinkGroupTemplate': Unable to get bean for id 'ActionLinkGroupTemplate'
 WARN [2015-07-09 19:11:57,144] (ComponentFactory.java:getComponentBean:1154) - Unable to get component for id 'AuraDefinitionBundle': Unable to get bean for id 'AuraDefinitionBundle'
 WARN [2015-07-09 19:11:57,151] (ComponentFactory.java:getComponentBean:1154) - Unable to get component for id 'ChannelLayout': Unable to get bean for id 'ChannelLayout'
 WARN [2015-07-09 19:11:57,156] (ComponentFactory.java:getComponentBean:1154) - Unable to get component for id 'CorsWhitelistOrigin': Unable to get bean for id 'CorsWhitelistOrigin'
 WARN [2015-07-09 19:11:57,167] (ComponentFactory.java:getComponentBean:1154) - Unable to get component for id 'ExternalDataSource': Unable to get bean for id 'ExternalDataSource'
 WARN [2015-07-09 19:11:57,173] (ComponentFactory.java:getComponentBean:1154) - Unable to get component for id 'MatchingRule': Unable to get bean for id 'MatchingRule'
 WARN [2015-07-09 19:11:57,177] (ComponentFactory.java:getComponentBean:1154) - Unable to get component for id 'MatchingRules': Unable to get bean for id 'MatchingRules'
 WARN [2015-07-09 19:11:57,181] (ComponentFactory.java:getComponentBean:1154) - Unable to get component for id 'NamedCredential': Unable to get bean for id 'NamedCredential'
 WARN [2015-07-09 19:11:57,189] (ComponentFactory.java:getComponentBean:1154) - Unable to get component for id 'SharingCriteriaRule': Unable to get bean for id 'SharingCriteriaRule'
 WARN [2015-07-09 19:11:57,192] (ComponentFactory.java:getComponentBean:1154) - Unable to get component for id 'SharingOwnerRule': Unable to get bean for id 'SharingOwnerRule'
 WARN [2015-07-09 19:11:57,196] (ComponentFactory.java:getComponentBean:1154) - Unable to get component for id 'SharingRules': Unable to get bean for id 'SharingRules'
ERROR [2015-07-09 19:12:31,369] (SyncServiceListenerBroadcaster.java:handleException:59) - Error executing a contributed ISyncServiceListener
java.lang.NullPointerException
	at com.salesforce.ide.core.model.ComponentList.getComponentFactory(ComponentList.java:62)
	at com.salesforce.ide.core.model.ComponentList.getComponentListForComponentType(ComponentList.java:266)
	at com.salesforce.ide.debug.ui.sync.SyncActionListener.collectDebuggerElements(SyncActionListener.java:154)
	at com.salesforce.ide.debug.ui.sync.SyncActionListener.invalidateApexModelManager(SyncActionListener.java:122)
	at com.salesforce.ide.debug.ui.sync.SyncActionListener.projectSync(SyncActionListener.java:114)
	at com.salesforce.ide.core.services.hooks.SyncServiceListenerBroadcaster$1.run(SyncServiceListenerBroadcaster.java:54)
	at org.eclipse.core.runtime.SafeRunner.run(SafeRunner.java:42)
	at org.eclipse.ui.internal.JFaceUtil$1.run(JFaceUtil.java:49)
	at org.eclipse.jface.util.SafeRunnable.run(SafeRunnable.java:175)
	at com.salesforce.ide.core.services.hooks.SyncServiceListenerBroadcaster.executeExtension(SyncServiceListenerBroadcaster.java:62)
	at com.salesforce.ide.core.services.hooks.SyncServiceListenerBroadcaster.broadcast(SyncServiceListenerBroadcaster.java:40)
	at com.salesforce.ide.core.model.ProjectPackageList.saveResources(ProjectPackageList.java:1210)
	at com.salesforce.ide.core.model.ProjectPackageList.saveResources(ProjectPackageList.java:1127)
	at com.salesforce.ide.core.services.ProjectService$1.run(ProjectService.java:2103)
	at org.eclipse.core.internal.resources.Workspace.run(Workspace.java:2345)
	at com.salesforce.ide.core.services.ProjectService.handleRetrieveResult(ProjectService.java:2099)
	at com.salesforce.ide.ui.actions.RefreshResourceActionController.refreshSourceFolder(RefreshResourceActionController.java:238)
	at com.salesforce.ide.ui.actions.RefreshResourceActionController.handleSourceRefresh(RefreshResourceActionController.java:194)
	at com.salesforce.ide.ui.actions.RefreshResourceActionController.refreshResources(RefreshResourceActionController.java:161)
	at com.salesforce.ide.ui.actions.RefreshResourceAction$1.execute(RefreshResourceAction.java:77)
	at org.eclipse.ui.actions.WorkspaceModifyOperation$1.run(WorkspaceModifyOperation.java:106)
	at org.eclipse.core.internal.resources.Workspace.run(Workspace.java:2345)
	at org.eclipse.ui.actions.WorkspaceModifyOperation.run(WorkspaceModifyOperation.java:118)
	at org.eclipse.jface.operation.ModalContext$ModalContextThread.run(ModalContext.java:121)
 WARN [2015-07-09 19:14:19,234] (ComponentFactory.java:getComponentBean:1154) - Unable to get component for id 'ActionLinkGroupTemplate': Unable to get bean for id 'ActionLinkGroupTemplate'
 WARN [2015-07-09 19:14:19,254] (ComponentFactory.java:getComponentBean:1154) - Unable to get component for id 'AuraDefinitionBundle': Unable to get bean for id 'AuraDefinitionBundle'
 WARN [2015-07-09 19:14:19,262] (ComponentFactory.java:getComponentBean:1154) - Unable to get component for id 'ChannelLayout': Unable to get bean for id 'ChannelLayout'
 WARN [2015-07-09 19:14:19,269] (ComponentFactory.java:getComponentBean:1154) - Unable to get component for id 'CorsWhitelistOrigin': Unable to get bean for id 'CorsWhitelistOrigin'
 WARN [2015-07-09 19:14:19,282] (ComponentFactory.java:getComponentBean:1154) - Unable to get component for id 'ExternalDataSource': Unable to get bean for id 'ExternalDataSource'
 WARN [2015-07-09 19:14:19,297] (ComponentFactory.java:getComponentBean:1154) - Unable to get component for id 'MatchingRule': Unable to get bean for id 'MatchingRule'
 WARN [2015-07-09 19:14:19,301] (ComponentFactory.java:getComponentBean:1154) - Unable to get component for id 'MatchingRules': Unable to get bean for id 'MatchingRules'
 WARN [2015-07-09 19:14:19,306] (ComponentFactory.java:getComponentBean:1154) - Unable to get component for id 'NamedCredential': Unable to get bean for id 'NamedCredential'
 WARN [2015-07-09 19:14:19,314] (ComponentFactory.java:getComponentBean:1154) - Unable to get component for id 'SharingCriteriaRule': Unable to get bean for id 'SharingCriteriaRule'
 WARN [2015-07-09 19:14:19,318] (ComponentFactory.java:getComponentBean:1154) - Unable to get component for id 'SharingOwnerRule': Unable to get bean for id 'SharingOwnerRule'
 WARN [2015-07-09 19:14:19,322] (ComponentFactory.java:getComponentBean:1154) - Unable to get component for id 'SharingRules': Unable to get bean for id 'SharingRules'
ERROR [2015-07-09 19:14:53,792] (SyncServiceListenerBroadcaster.java:handleException:59) - Error executing a contributed ISyncServiceListener
java.lang.NullPointerException
	at com.salesforce.ide.core.model.ComponentList.getComponentFactory(ComponentList.java:62)
	at com.salesforce.ide.core.model.ComponentList.getComponentListForComponentType(ComponentList.java:266)
	at com.salesforce.ide.debug.ui.sync.SyncActionListener.collectDebuggerElements(SyncActionListener.java:154)
	at com.salesforce.ide.debug.ui.sync.SyncActionListener.invalidateApexModelManager(SyncActionListener.java:122)
	at com.salesforce.ide.debug.ui.sync.SyncActionListener.projectSync(SyncActionListener.java:114)
	at com.salesforce.ide.core.services.hooks.SyncServiceListenerBroadcaster$1.run(SyncServiceListenerBroadcaster.java:54)
	at org.eclipse.core.runtime.SafeRunner.run(SafeRunner.java:42)
	at org.eclipse.ui.internal.JFaceUtil$1.run(JFaceUtil.java:49)
	at org.eclipse.jface.util.SafeRunnable.run(SafeRunnable.java:175)
	at com.salesforce.ide.core.services.hooks.SyncServiceListenerBroadcaster.executeExtension(SyncServiceListenerBroadcaster.java:62)
	at com.salesforce.ide.core.services.hooks.SyncServiceListenerBroadcaster.broadcast(SyncServiceListenerBroadcaster.java:40)
	at com.salesforce.ide.core.model.ProjectPackageList.saveResources(ProjectPackageList.java:1210)
	at com.salesforce.ide.core.model.ProjectPackageList.saveResources(ProjectPackageList.java:1127)
	at com.salesforce.ide.core.services.ProjectService$1.run(ProjectService.java:2103)
	at org.eclipse.core.internal.resources.Workspace.run(Workspace.java:2345)
	at com.salesforce.ide.core.services.ProjectService.handleRetrieveResult(ProjectService.java:2099)
	at com.salesforce.ide.ui.actions.RefreshResourceActionController.refreshSourceFolder(RefreshResourceActionController.java:238)
	at com.salesforce.ide.ui.actions.RefreshResourceActionController.handleSourceRefresh(RefreshResourceActionController.java:194)
	at com.salesforce.ide.ui.actions.RefreshResourceActionController.refreshResources(RefreshResourceActionController.java:161)
	at com.salesforce.ide.ui.actions.RefreshResourceAction$1.execute(RefreshResourceAction.java:77)
	at org.eclipse.ui.actions.WorkspaceModifyOperation$1.run(WorkspaceModifyOperation.java:106)
	at org.eclipse.core.internal.resources.Workspace.run(Workspace.java:2345)
	at org.eclipse.ui.actions.WorkspaceModifyOperation.run(WorkspaceModifyOperation.java:118)
	at org.eclipse.jface.operation.ModalContext$ModalContextThread.run(ModalContext.java:121)
ERROR [2015-07-09 19:15:08,960] (SyncServiceListenerBroadcaster.java:handleException:59) - Error executing a contributed ISyncServiceListener
java.lang.NullPointerException
	at com.salesforce.ide.core.model.ComponentList.getComponentFactory(ComponentList.java:62)
	at com.salesforce.ide.core.model.ComponentList.getComponentListForComponentType(ComponentList.java:266)
	at com.salesforce.ide.debug.ui.sync.SyncActionListener.collectDebuggerElements(SyncActionListener.java:154)
	at com.salesforce.ide.debug.ui.sync.SyncActionListener.invalidateApexModelManager(SyncActionListener.java:122)
	at com.salesforce.ide.debug.ui.sync.SyncActionListener.projectSync(SyncActionListener.java:114)
	at com.salesforce.ide.core.services.hooks.SyncServiceListenerBroadcaster$1.run(SyncServiceListenerBroadcaster.java:54)
	at org.eclipse.core.runtime.SafeRunner.run(SafeRunner.java:42)
	at org.eclipse.ui.internal.JFaceUtil$1.run(JFaceUtil.java:49)
	at org.eclipse.jface.util.SafeRunnable.run(SafeRunnable.java:175)
	at com.salesforce.ide.core.services.hooks.SyncServiceListenerBroadcaster.executeExtension(SyncServiceListenerBroadcaster.java:62)
	at com.salesforce.ide.core.services.hooks.SyncServiceListenerBroadcaster.broadcast(SyncServiceListenerBroadcaster.java:40)
	at com.salesforce.ide.core.model.ProjectPackageList.saveResources(ProjectPackageList.java:1210)
	at com.salesforce.ide.core.model.ProjectPackageList.saveResources(ProjectPackageList.java:1127)
	at com.salesforce.ide.core.services.ProjectService$1.run(ProjectService.java:2103)
	at org.eclipse.core.internal.resources.Workspace.run(Workspace.java:2345)
	at com.salesforce.ide.core.services.ProjectService.handleRetrieveResult(ProjectService.java:2099)
	at com.salesforce.ide.ui.actions.RefreshResourceActionController.refreshSourceFolder(RefreshResourceActionController.java:238)
	at com.salesforce.ide.ui.actions.RefreshResourceActionController.handleSourceRefresh(RefreshResourceActionController.java:194)
	at com.salesforce.ide.ui.actions.RefreshResourceActionController.refreshResources(RefreshResourceActionController.java:161)
	at com.salesforce.ide.ui.actions.RefreshResourceAction$1.execute(RefreshResourceAction.java:77)
	at org.eclipse.ui.actions.WorkspaceModifyOperation$1.run(WorkspaceModifyOperation.java:106)
	at org.eclipse.core.internal.resources.Workspace.run(Workspace.java:2345)
	at org.eclipse.ui.actions.WorkspaceModifyOperation.run(WorkspaceModifyOperation.java:118)
	at org.eclipse.jface.operation.ModalContext$ModalContextThread.run(ModalContext.java:121)
 WARN [2015-07-09 19:18:29,465] (ComponentFactory.java:getComponentBean:1154) - Unable to get component for id 'ActionLinkGroupTemplate': Unable to get bean for id 'ActionLinkGroupTemplate'
 WARN [2015-07-09 19:18:29,477] (ComponentFactory.java:getComponentBean:1154) - Unable to get component for id 'AuraDefinitionBundle': Unable to get bean for id 'AuraDefinitionBundle'
 WARN [2015-07-09 19:18:29,487] (ComponentFactory.java:getComponentBean:1154) - Unable to get component for id 'ChannelLayout': Unable to get bean for id 'ChannelLayout'
 WARN [2015-07-09 19:18:29,493] (ComponentFactory.java:getComponentBean:1154) - Unable to get component for id 'CorsWhitelistOrigin': Unable to get bean for id 'CorsWhitelistOrigin'
 WARN [2015-07-09 19:18:29,505] (ComponentFactory.java:getComponentBean:1154) - Unable to get component for id 'ExternalDataSource': Unable to get bean for id 'ExternalDataSource'
 WARN [2015-07-09 19:18:29,512] (ComponentFactory.java:getComponentBean:1154) - Unable to get component for id 'MatchingRule': Unable to get bean for id 'MatchingRule'
 WARN [2015-07-09 19:18:29,559] (ComponentFactory.java:getComponentBean:1154) - Unable to get component for id 'MatchingRules': Unable to get bean for id 'MatchingRules'
 WARN [2015-07-09 19:18:29,565] (ComponentFactory.java:getComponentBean:1154) - Unable to get component for id 'NamedCredential': Unable to get bean for id 'NamedCredential'
 WARN [2015-07-09 19:18:29,577] (ComponentFactory.java:getComponentBean:1154) - Unable to get component for id 'SharingCriteriaRule': Unable to get bean for id 'SharingCriteriaRule'
 WARN [2015-07-09 19:18:29,583] (ComponentFactory.java:getComponentBean:1154) - Unable to get component for id 'SharingOwnerRule': Unable to get bean for id 'SharingOwnerRule'
 WARN [2015-07-09 19:18:29,589] (ComponentFactory.java:getComponentBean:1154) - Unable to get component for id 'SharingRules': Unable to get bean for id 'SharingRules'
 WARN [2015-07-09 19:36:31,591] (ComponentFactory.java:getComponentBean:1154) - Unable to get component for id 'ActionLinkGroupTemplate': Unable to get bean for id 'ActionLinkGroupTemplate'
 WARN [2015-07-09 19:36:31,599] (ComponentFactory.java:getComponentBean:1154) - Unable to get component for id 'AuraDefinitionBundle': Unable to get bean for id 'AuraDefinitionBundle'
 WARN [2015-07-09 19:36:31,605] (ComponentFactory.java:getComponentBean:1154) - Unable to get component for id 'ChannelLayout': Unable to get bean for id 'ChannelLayout'
 WARN [2015-07-09 19:36:31,611] (ComponentFactory.java:getComponentBean:1154) - Unable to get component for id 'CorsWhitelistOrigin': Unable to get bean for id 'CorsWhitelistOrigin'
 WARN [2015-07-09 19:36:31,624] (ComponentFactory.java:getComponentBean:1154) - Unable to get component for id 'ExternalDataSource': Unable to get bean for id 'ExternalDataSource'
 WARN [2015-07-09 19:36:31,661] (ComponentFactory.java:getComponentBean:1154) - Unable to get component for id 'MatchingRule': Unable to get bean for id 'MatchingRule'
 WARN [2015-07-09 19:36:31,665] (ComponentFactory.java:getComponentBean:1154) - Unable to get component for id 'MatchingRules': Unable to get bean for id 'MatchingRules'
 WARN [2015-07-09 19:36:31,669] (ComponentFactory.java:getComponentBean:1154) - Unable to get component for id 'NamedCredential': Unable to get bean for id 'NamedCredential'
 WARN [2015-07-09 19:36:31,678] (ComponentFactory.java:getComponentBean:1154) - Unable to get component for id 'SharingCriteriaRule': Unable to get bean for id 'SharingCriteriaRule'
 WARN [2015-07-09 19:36:31,683] (ComponentFactory.java:getComponentBean:1154) - Unable to get component for id 'SharingOwnerRule': Unable to get bean for id 'SharingOwnerRule'
 WARN [2015-07-09 19:36:31,687] (ComponentFactory.java:getComponentBean:1154) - Unable to get component for id 'SharingRules': Unable to get bean for id 'SharingRules'
 WARN [2015-07-09 19:36:43,229] (Utils.java:loadDocument:799) - Unable to load document: C:\Users\Sudeep Khandekar\workspace\.metadata\.plugins\org.eclipse.core.resources\.projects\sample project\com.salesforce.ide.core\packageCache.xml (The system cannot find the file specified)
 WARN [2015-07-09 19:36:45,937] (ComponentFactory.java:getComponentBean:1154) - Unable to get component for id 'AuraDefinitionBundle': Unable to get bean for id 'AuraDefinitionBundle'
 WARN [2015-07-09 19:36:45,944] (ComponentFactory.java:getComponentBean:1154) - Unable to get component for id 'ExternalDataSource': Unable to get bean for id 'ExternalDataSource'
 WARN [2015-07-09 19:36:45,951] (ComponentFactory.java:getComponentBean:1154) - Unable to get component for id 'NamedCredential': Unable to get bean for id 'NamedCredential'
 WARN [2015-07-09 19:36:45,965] (ComponentFactory.java:getComponentBean:1154) - Unable to get component for id 'MatchingRules': Unable to get bean for id 'MatchingRules'
 WARN [2015-07-09 19:36:45,970] (ComponentFactory.java:getComponentBean:1154) - Unable to get component for id 'ChannelLayout': Unable to get bean for id 'ChannelLayout'
 WARN [2015-07-09 19:36:45,973] (ComponentFactory.java:getComponentBean:1154) - Unable to get component for id 'SharingRules': Unable to get bean for id 'SharingRules'
 WARN [2015-07-09 19:36:45,979] (ComponentFactory.java:getComponentBean:1154) - Unable to get component for id 'CorsWhitelistOrigin': Unable to get bean for id 'CorsWhitelistOrigin'
 WARN [2015-07-09 19:36:45,983] (ComponentFactory.java:getComponentBean:1154) - Unable to get component for id 'ActionLinkGroupTemplate': Unable to get bean for id 'ActionLinkGroupTemplate'
 WARN [2015-07-09 19:36:45,986] (ComponentFactory.java:getComponentBean:1154) - Unable to get component for id 'SynonymDictionary': Unable to get bean for id 'SynonymDictionary'
 WARN [2015-07-09 19:36:47,071] (ComponentFactory.java:getComponentBean:1154) - Unable to get component for id 'AuraDefinitionBundle': Unable to get bean for id 'AuraDefinitionBundle'
 WARN [2015-07-09 19:36:47,078] (ComponentFactory.java:getComponentBean:1154) - Unable to get component for id 'ExternalDataSource': Unable to get bean for id 'ExternalDataSource'
 WARN [2015-07-09 19:36:47,085] (ComponentFactory.java:getComponentBean:1154) - Unable to get component for id 'NamedCredential': Unable to get bean for id 'NamedCredential'
 WARN [2015-07-09 19:36:47,101] (ComponentFactory.java:getComponentBean:1154) - Unable to get component for id 'MatchingRules': Unable to get bean for id 'MatchingRules'
 WARN [2015-07-09 19:36:47,105] (ComponentFactory.java:getComponentBean:1154) - Unable to get component for id 'ChannelLayout': Unable to get bean for id 'ChannelLayout'
 WARN [2015-07-09 19:36:47,108] (ComponentFactory.java:getComponentBean:1154) - Unable to get component for id 'SharingRules': Unable to get bean for id 'SharingRules'
 WARN [2015-07-09 19:36:47,114] (ComponentFactory.java:getComponentBean:1154) - Unable to get component for id 'CorsWhitelistOrigin': Unable to get bean for id 'CorsWhitelistOrigin'
 WARN [2015-07-09 19:36:47,117] (ComponentFactory.java:getComponentBean:1154) - Unable to get component for id 'ActionLinkGroupTemplate': Unable to get bean for id 'ActionLinkGroupTemplate'
 WARN [2015-07-09 19:36:47,122] (ComponentFactory.java:getComponentBean:1154) - Unable to get component for id 'SynonymDictionary': Unable to get bean for id 'SynonymDictionary'
 WARN [2015-07-09 19:36:48,059] (ComponentFactory.java:getComponentBean:1154) - Unable to get component for id 'AuraDefinitionBundle': Unable to get bean for id 'AuraDefinitionBundle'
 WARN [2015-07-09 19:36:48,065] (ComponentFactory.java:getComponentBean:1154) - Unable to get component for id 'ExternalDataSource': Unable to get bean for id 'ExternalDataSource'
 WARN [2015-07-09 19:36:48,071] (ComponentFactory.java:getComponentBean:1154) - Unable to get component for id 'NamedCredential': Unable to get bean for id 'NamedCredential'
 WARN [2015-07-09 19:36:48,088] (ComponentFactory.java:getComponentBean:1154) - Unable to get component for id 'MatchingRules': Unable to get bean for id 'MatchingRules'
 WARN [2015-07-09 19:36:48,092] (ComponentFactory.java:getComponentBean:1154) - Unable to get component for id 'ChannelLayout': Unable to get bean for id 'ChannelLayout'
 WARN [2015-07-09 19:36:48,096] (ComponentFactory.java:getComponentBean:1154) - Unable to get component for id 'SharingRules': Unable to get bean for id 'SharingRules'
 WARN [2015-07-09 19:36:48,102] (ComponentFactory.java:getComponentBean:1154) - Unable to get component for id 'CorsWhitelistOrigin': Unable to get bean for id 'CorsWhitelistOrigin'
 WARN [2015-07-09 19:36:48,105] (ComponentFactory.java:getComponentBean:1154) - Unable to get component for id 'ActionLinkGroupTemplate': Unable to get bean for id 'ActionLinkGroupTemplate'
 WARN [2015-07-09 19:36:48,110] (ComponentFactory.java:getComponentBean:1154) - Unable to get component for id 'SynonymDictionary': Unable to get bean for id 'SynonymDictionary'
 WARN [2015-07-09 19:36:49,177] (ComponentFactory.java:getComponentBean:1154) - Unable to get component for id 'AuraDefinitionBundle': Unable to get bean for id 'AuraDefinitionBundle'
 WARN [2015-07-09 19:36:49,184] (ComponentFactory.java:getComponentBean:1154) - Unable to get component for id 'ExternalDataSource': Unable to get bean for id 'ExternalDataSource'
 WARN [2015-07-09 19:36:49,190] (ComponentFactory.java:getComponentBean:1154) - Unable to get component for id 'NamedCredential': Unable to get bean for id 'NamedCredential'
 WARN [2015-07-09 19:36:49,204] (ComponentFactory.java:getComponentBean:1154) - Unable to get component for id 'MatchingRules': Unable to get bean for id 'MatchingRules'
 WARN [2015-07-09 19:36:49,208] (ComponentFactory.java:getComponentBean:1154) - Unable to get component for id 'ChannelLayout': Unable to get bean for id 'ChannelLayout'
 WARN [2015-07-09 19:36:49,211] (ComponentFactory.java:getComponentBean:1154) - Unable to get component for id 'SharingRules': Unable to get bean for id 'SharingRules'
 WARN [2015-07-09 19:36:49,215] (ComponentFactory.java:getComponentBean:1154) - Unable to get component for id 'CorsWhitelistOrigin': Unable to get bean for id 'CorsWhitelistOrigin'
 WARN [2015-07-09 19:36:49,219] (ComponentFactory.java:getComponentBean:1154) - Unable to get component for id 'ActionLinkGroupTemplate': Unable to get bean for id 'ActionLinkGroupTemplate'
 WARN [2015-07-09 19:36:49,223] (ComponentFactory.java:getComponentBean:1154) - Unable to get component for id 'SynonymDictionary': Unable to get bean for id 'SynonymDictionary'
 WARN [2015-07-09 19:36:50,185] (ComponentFactory.java:getComponentBean:1154) - Unable to get component for id 'AuraDefinitionBundle': Unable to get bean for id 'AuraDefinitionBundle'
 WARN [2015-07-09 19:36:50,193] (ComponentFactory.java:getComponentBean:1154) - Unable to get component for id 'ExternalDataSource': Unable to get bean for id 'ExternalDataSource'
 WARN [2015-07-09 19:36:50,199] (ComponentFactory.java:getComponentBean:1154) - Unable to get component for id 'NamedCredential': Unable to get bean for id 'NamedCredential'
 WARN [2015-07-09 19:36:50,216] (ComponentFactory.java:getComponentBean:1154) - Unable to get component for id 'MatchingRules': Unable to get bean for id 'MatchingRules'
 WARN [2015-07-09 19:36:50,221] (ComponentFactory.java:getComponentBean:1154) - Unable to get component for id 'ChannelLayout': Unable to get bean for id 'ChannelLayout'
 WARN [2015-07-09 19:36:50,225] (ComponentFactory.java:getComponentBean:1154) - Unable to get component for id 'SharingRules': Unable to get bean for id 'SharingRules'
 WARN [2015-07-09 19:36:50,229] (ComponentFactory.java:getComponentBean:1154) - Unable to get component for id 'CorsWhitelistOrigin': Unable to get bean for id 'CorsWhitelistOrigin'
 WARN [2015-07-09 19:36:50,233] (ComponentFactory.java:getComponentBean:1154) - Unable to get component for id 'ActionLinkGroupTemplate': Unable to get bean for id 'ActionLinkGroupTemplate'
 WARN [2015-07-09 19:36:50,236] (ComponentFactory.java:getComponentBean:1154) - Unable to get component for id 'SynonymDictionary': Unable to get bean for id 'SynonymDictionary'
 WARN [2015-07-09 19:37:07,021] (ComponentFactory.java:getComponentBean:1154) - Unable to get component for id 'ActionLinkGroupTemplate': Unable to get bean for id 'ActionLinkGroupTemplate'
 WARN [2015-07-09 19:37:07,034] (ComponentFactory.java:getComponentBean:1154) - Unable to get component for id 'AuraDefinitionBundle': Unable to get bean for id 'AuraDefinitionBundle'
 WARN [2015-07-09 19:37:07,042] (ComponentFactory.java:getComponentBean:1154) - Unable to get component for id 'BusinessProcess': Unable to get bean for id 'BusinessProcess'
 WARN [2015-07-09 19:37:07,049] (ComponentFactory.java:getComponentBean:1154) - Unable to get component for id 'ChannelLayout': Unable to get bean for id 'ChannelLayout'
 WARN [2015-07-09 19:37:07,054] (ComponentFactory.java:getComponentBean:1154) - Unable to get component for id 'CompactLayout': Unable to get bean for id 'CompactLayout'
 WARN [2015-07-09 19:37:07,059] (ComponentFactory.java:getComponentBean:1154) - Unable to get component for id 'CorsWhitelistOrigin': Unable to get bean for id 'CorsWhitelistOrigin'
 WARN [2015-07-09 19:37:07,065] (ComponentFactory.java:getComponentBean:1154) - Unable to get component for id 'CustomField': Unable to get bean for id 'CustomField'
 WARN [2015-07-09 19:37:07,070] (ComponentFactory.java:getComponentBean:1154) - Unable to get component for id 'CustomLabel': Unable to get bean for id 'CustomLabel'
 WARN [2015-07-09 19:37:07,891] (ComponentFactory.java:getComponentBean:1154) - Unable to get component for id 'AuraDefinitionBundle': Unable to get bean for id 'AuraDefinitionBundle'
 WARN [2015-07-09 19:37:07,898] (ComponentFactory.java:getComponentBean:1154) - Unable to get component for id 'ExternalDataSource': Unable to get bean for id 'ExternalDataSource'
 WARN [2015-07-09 19:37:07,904] (ComponentFactory.java:getComponentBean:1154) - Unable to get component for id 'NamedCredential': Unable to get bean for id 'NamedCredential'
 WARN [2015-07-09 19:37:07,920] (ComponentFactory.java:getComponentBean:1154) - Unable to get component for id 'MatchingRules': Unable to get bean for id 'MatchingRules'
 WARN [2015-07-09 19:37:07,924] (ComponentFactory.java:getComponentBean:1154) - Unable to get component for id 'ChannelLayout': Unable to get bean for id 'ChannelLayout'
 WARN [2015-07-09 19:37:07,928] (ComponentFactory.java:getComponentBean:1154) - Unable to get component for id 'SharingRules': Unable to get bean for id 'SharingRules'
 WARN [2015-07-09 19:37:07,933] (ComponentFactory.java:getComponentBean:1154) - Unable to get component for id 'CorsWhitelistOrigin': Unable to get bean for id 'CorsWhitelistOrigin'
 WARN [2015-07-09 19:37:07,937] (ComponentFactory.java:getComponentBean:1154) - Unable to get component for id 'ActionLinkGroupTemplate': Unable to get bean for id 'ActionLinkGroupTemplate'
 WARN [2015-07-09 19:37:07,942] (ComponentFactory.java:getComponentBean:1154) - Unable to get component for id 'SynonymDictionary': Unable to get bean for id 'SynonymDictionary'
 WARN [2015-07-09 19:37:08,566] (ComponentFactory.java:getComponentBean:1154) - Unable to get component for id 'AuraDefinitionBundle': Unable to get bean for id 'AuraDefinitionBundle'
 WARN [2015-07-09 19:37:08,573] (ComponentFactory.java:getComponentBean:1154) - Unable to get component for id 'ExternalDataSource': Unable to get bean for id 'ExternalDataSource'
 WARN [2015-07-09 19:37:08,578] (ComponentFactory.java:getComponentBean:1154) - Unable to get component for id 'NamedCredential': Unable to get bean for id 'NamedCredential'
 WARN [2015-07-09 19:37:08,588] (ComponentFactory.java:getComponentBean:1154) - Unable to get component for id 'MatchingRules': Unable to get bean for id 'MatchingRules'
 WARN [2015-07-09 19:37:08,592] (ComponentFactory.java:getComponentBean:1154) - Unable to get component for id 'ChannelLayout': Unable to get bean for id 'ChannelLayout'
 WARN [2015-07-09 19:37:08,596] (ComponentFactory.java:getComponentBean:1154) - Unable to get component for id 'SharingRules': Unable to get bean for id 'SharingRules'
 WARN [2015-07-09 19:37:08,600] (ComponentFactory.java:getComponentBean:1154) - Unable to get component for id 'CorsWhitelistOrigin': Unable to get bean for id 'CorsWhitelistOrigin'
 WARN [2015-07-09 19:37:08,604] (ComponentFactory.java:getComponentBean:1154) - Unable to get component for id 'ActionLinkGroupTemplate': Unable to get bean for id 'ActionLinkGroupTemplate'
 WARN [2015-07-09 19:37:08,607] (ComponentFactory.java:getComponentBean:1154) - Unable to get component for id 'SynonymDictionary': Unable to get bean for id 'SynonymDictionary'
 WARN [2015-07-09 19:37:09,547] (ComponentFactory.java:getComponentBean:1154) - Unable to get component for id 'AuraDefinitionBundle': Unable to get bean for id 'AuraDefinitionBundle'
 WARN [2015-07-09 19:37:09,554] (ComponentFactory.java:getComponentBean:1154) - Unable to get component for id 'ExternalDataSource': Unable to get bean for id 'ExternalDataSource'
 WARN [2015-07-09 19:37:09,560] (ComponentFactory.java:getComponentBean:1154) - Unable to get component for id 'NamedCredential': Unable to get bean for id 'NamedCredential'
 WARN [2015-07-09 19:37:09,573] (ComponentFactory.java:getComponentBean:1154) - Unable to get component for id 'MatchingRules': Unable to get bean for id 'MatchingRules'
 WARN [2015-07-09 19:37:09,577] (ComponentFactory.java:getComponentBean:1154) - Unable to get component for id 'ChannelLayout': Unable to get bean for id 'ChannelLayout'
 WARN [2015-07-09 19:37:09,581] (ComponentFactory.java:getComponentBean:1154) - Unable to get component for id 'SharingRules': Unable to get bean for id 'SharingRules'
 WARN [2015-07-09 19:37:09,585] (ComponentFactory.java:getComponentBean:1154) - Unable to get component for id 'CorsWhitelistOrigin': Unable to get bean for id 'CorsWhitelistOrigin'
 WARN [2015-07-09 19:37:09,588] (ComponentFactory.java:getComponentBean:1154) - Unable to get component for id 'ActionLinkGroupTemplate': Unable to get bean for id 'ActionLinkGroupTemplate'
 WARN [2015-07-09 19:37:09,592] (ComponentFactory.java:getComponentBean:1154) - Unable to get component for id 'SynonymDictionary': Unable to get bean for id 'SynonymDictionary'
 WARN [2015-07-09 19:37:10,086] (ComponentFactory.java:getComponentBean:1154) - Unable to get component for id 'ExternalDataSource': Unable to get bean for id 'ExternalDataSource'
 WARN [2015-07-09 19:37:10,092] (ComponentFactory.java:getComponentBean:1154) - Unable to get component for id 'FieldSet': Unable to get bean for id 'FieldSet'
 WARN [2015-07-09 19:37:10,106] (ComponentFactory.java:getComponentBean:1154) - Unable to get component for id 'ListView': Unable to get bean for id 'ListView'
 WARN [2015-07-09 19:37:10,112] (ComponentFactory.java:getComponentBean:1154) - Unable to get component for id 'MatchingRule': Unable to get bean for id 'MatchingRule'
 WARN [2015-07-09 19:37:10,117] (ComponentFactory.java:getComponentBean:1154) - Unable to get component for id 'MatchingRules': Unable to get bean for id 'MatchingRules'
 WARN [2015-07-09 19:37:10,121] (ComponentFactory.java:getComponentBean:1154) - Unable to get component for id 'NamedCredential': Unable to get bean for id 'NamedCredential'
 WARN [2015-07-09 19:37:10,127] (ComponentFactory.java:getComponentBean:1154) - Unable to get component for id 'RecordType': Unable to get bean for id 'RecordType'
 WARN [2015-07-09 19:37:10,306] (ComponentFactory.java:getComponentBean:1154) - Unable to get component for id 'AuraDefinitionBundle': Unable to get bean for id 'AuraDefinitionBundle'
 WARN [2015-07-09 19:37:10,313] (ComponentFactory.java:getComponentBean:1154) - Unable to get component for id 'ExternalDataSource': Unable to get bean for id 'ExternalDataSource'
 WARN [2015-07-09 19:37:10,318] (ComponentFactory.java:getComponentBean:1154) - Unable to get component for id 'NamedCredential': Unable to get bean for id 'NamedCredential'
 WARN [2015-07-09 19:37:10,328] (ComponentFactory.java:getComponentBean:1154) - Unable to get component for id 'MatchingRules': Unable to get bean for id 'MatchingRules'
 WARN [2015-07-09 19:37:10,333] (ComponentFactory.java:getComponentBean:1154) - Unable to get component for id 'ChannelLayout': Unable to get bean for id 'ChannelLayout'
 WARN [2015-07-09 19:37:10,337] (ComponentFactory.java:getComponentBean:1154) - Unable to get component for id 'SharingRules': Unable to get bean for id 'SharingRules'
 WARN [2015-07-09 19:37:10,342] (ComponentFactory.java:getComponentBean:1154) - Unable to get component for id 'CorsWhitelistOrigin': Unable to get bean for id 'CorsWhitelistOrigin'
 WARN [2015-07-09 19:37:10,346] (ComponentFactory.java:getComponentBean:1154) - Unable to get component for id 'ActionLinkGroupTemplate': Unable to get bean for id 'ActionLinkGroupTemplate'
 WARN [2015-07-09 19:37:10,350] (ComponentFactory.java:getComponentBean:1154) - Unable to get component for id 'SynonymDictionary': Unable to get bean for id 'SynonymDictionary'
 WARN [2015-07-09 19:37:10,823] (ComponentFactory.java:getComponentBean:1154) - Unable to get component for id 'SharingCriteriaRule': Unable to get bean for id 'SharingCriteriaRule'
 WARN [2015-07-09 19:37:10,829] (ComponentFactory.java:getComponentBean:1154) - Unable to get component for id 'SharingOwnerRule': Unable to get bean for id 'SharingOwnerRule'
 WARN [2015-07-09 19:37:10,836] (ComponentFactory.java:getComponentBean:1154) - Unable to get component for id 'SharingReason': Unable to get bean for id 'SharingReason'
 WARN [2015-07-09 19:37:10,841] (ComponentFactory.java:getComponentBean:1154) - Unable to get component for id 'SharingRules': Unable to get bean for id 'SharingRules'
 WARN [2015-07-09 19:37:10,851] (ComponentFactory.java:getComponentBean:1154) - Unable to get component for id 'ValidationRule': Unable to get bean for id 'ValidationRule'
 WARN [2015-07-09 19:37:10,857] (ComponentFactory.java:getComponentBean:1154) - Unable to get component for id 'WebLink': Unable to get bean for id 'WebLink'
 WARN [2015-07-09 19:37:10,863] (ComponentFactory.java:getComponentBean:1154) - Unable to get component for id 'WorkflowAlert': Unable to get bean for id 'WorkflowAlert'
 WARN [2015-07-09 19:37:10,867] (ComponentFactory.java:getComponentBean:1154) - Unable to get component for id 'WorkflowFieldUpdate': Unable to get bean for id 'WorkflowFieldUpdate'
 WARN [2015-07-09 19:37:10,871] (ComponentFactory.java:getComponentBean:1154) - Unable to get component for id 'WorkflowKnowledgePublish': Unable to get bean for id 'WorkflowKnowledgePublish'
 WARN [2015-07-09 19:37:10,875] (ComponentFactory.java:getComponentBean:1154) - Unable to get component for id 'WorkflowOutboundMessage': Unable to get bean for id 'WorkflowOutboundMessage'
 WARN [2015-07-09 19:37:10,879] (ComponentFactory.java:getComponentBean:1154) - Unable to get component for id 'WorkflowRule': Unable to get bean for id 'WorkflowRule'
 WARN [2015-07-09 19:37:10,883] (ComponentFactory.java:getComponentBean:1154) - Unable to get component for id 'WorkflowSend': Unable to get bean for id 'WorkflowSend'
 WARN [2015-07-09 19:37:10,888] (ComponentFactory.java:getComponentBean:1154) - Unable to get component for id 'WorkflowTask': Unable to get bean for id 'WorkflowTask'
 WARN [2015-07-09 19:37:10,923] (ComponentFactory.java:getComponentBean:1154) - Unable to get component for id 'ActionLinkGroupTemplate': Unable to get bean for id 'ActionLinkGroupTemplate'
 WARN [2015-07-09 19:37:10,930] (ComponentFactory.java:getComponentBean:1154) - Unable to get component for id 'AuraDefinitionBundle': Unable to get bean for id 'AuraDefinitionBundle'
 WARN [2015-07-09 19:37:10,939] (ComponentFactory.java:getComponentBean:1154) - Unable to get component for id 'ChannelLayout': Unable to get bean for id 'ChannelLayout'
 WARN [2015-07-09 19:37:10,944] (ComponentFactory.java:getComponentBean:1154) - Unable to get component for id 'CorsWhitelistOrigin': Unable to get bean for id 'CorsWhitelistOrigin'
 WARN [2015-07-09 19:37:11,363] (ComponentFactory.java:getComponentBean:1154) - Unable to get component for id 'ExternalDataSource': Unable to get bean for id 'ExternalDataSource'
 WARN [2015-07-09 19:37:11,368] (ComponentFactory.java:getComponentBean:1154) - Unable to get component for id 'MatchingRule': Unable to get bean for id 'MatchingRule'
 WARN [2015-07-09 19:37:11,372] (ComponentFactory.java:getComponentBean:1154) - Unable to get component for id 'MatchingRules': Unable to get bean for id 'MatchingRules'
 WARN [2015-07-09 19:37:11,375] (ComponentFactory.java:getComponentBean:1154) - Unable to get component for id 'NamedCredential': Unable to get bean for id 'NamedCredential'
 WARN [2015-07-09 19:37:11,381] (ComponentFactory.java:getComponentBean:1154) - Unable to get component for id 'SharingCriteriaRule': Unable to get bean for id 'SharingCriteriaRule'
 WARN [2015-07-09 19:37:11,385] (ComponentFactory.java:getComponentBean:1154) - Unable to get component for id 'SharingOwnerRule': Unable to get bean for id 'SharingOwnerRule'
 WARN [2015-07-09 19:37:11,388] (ComponentFactory.java:getComponentBean:1154) - Unable to get component for id 'SharingRules': Unable to get bean for id 'SharingRules'
ERROR [2015-07-09 19:37:30,307] (SyncServiceListenerBroadcaster.java:handleException:59) - Error executing a contributed ISyncServiceListener
java.lang.NullPointerException
	at com.salesforce.ide.core.model.ComponentList.getComponentFactory(ComponentList.java:62)
	at com.salesforce.ide.core.model.ComponentList.getComponentListForComponentType(ComponentList.java:266)
	at com.salesforce.ide.debug.ui.sync.SyncActionListener.collectDebuggerElements(SyncActionListener.java:154)
	at com.salesforce.ide.debug.ui.sync.SyncActionListener.invalidateApexModelManager(SyncActionListener.java:122)
	at com.salesforce.ide.debug.ui.sync.SyncActionListener.projectSync(SyncActionListener.java:114)
	at com.salesforce.ide.core.services.hooks.SyncServiceListenerBroadcaster$1.run(SyncServiceListenerBroadcaster.java:54)
	at org.eclipse.core.runtime.SafeRunner.run(SafeRunner.java:42)
	at org.eclipse.ui.internal.JFaceUtil$1.run(JFaceUtil.java:49)
	at org.eclipse.jface.util.SafeRunnable.run(SafeRunnable.java:175)
	at com.salesforce.ide.core.services.hooks.SyncServiceListenerBroadcaster.executeExtension(SyncServiceListenerBroadcaster.java:62)
	at com.salesforce.ide.core.services.hooks.SyncServiceListenerBroadcaster.broadcast(SyncServiceListenerBroadcaster.java:40)
	at com.salesforce.ide.core.model.ProjectPackageList.saveResources(ProjectPackageList.java:1210)
	at com.salesforce.ide.core.model.ProjectPackageList.saveResources(ProjectPackageList.java:1127)
	at com.salesforce.ide.core.services.ProjectService$1.run(ProjectService.java:2103)
	at org.eclipse.core.internal.resources.Workspace.run(Workspace.java:2345)
	at com.salesforce.ide.core.services.ProjectService.handleRetrieveResult(ProjectService.java:2099)
	at com.salesforce.ide.ui.actions.RefreshResourceActionController.refreshSourceFolder(RefreshResourceActionController.java:238)
	at com.salesforce.ide.ui.actions.RefreshResourceActionController.handleSourceRefresh(RefreshResourceActionController.java:194)
	at com.salesforce.ide.ui.actions.RefreshResourceActionController.refreshResources(RefreshResourceActionController.java:161)
	at com.salesforce.ide.ui.actions.RefreshResourceAction$1.execute(RefreshResourceAction.java:77)
	at org.eclipse.ui.actions.WorkspaceModifyOperation$1.run(WorkspaceModifyOperation.java:106)
	at org.eclipse.core.internal.resources.Workspace.run(Workspace.java:2345)
	at org.eclipse.ui.actions.WorkspaceModifyOperation.run(WorkspaceModifyOperation.java:118)
	at org.eclipse.jface.operation.ModalContext$ModalContextThread.run(ModalContext.java:121)
 WARN [2015-07-09 19:47:17,740] (ComponentFactory.java:getCompositeComponentFromComponent:1102) - Unable to load existing 'classes/sampleTestClass.cls-meta.xml' from project - associated component's file resource is null.  Assuming new.
 WARN [2015-07-09 19:47:17,863] (ComponentController.java:deploy:402) - Remote save aborted - project is not online enabled
 WARN [2015-07-09 19:47:18,013] (DefaultBuilder.java:applyDirtyMarkers:93) - TODO: apply 'Save locally only...' markers on each resource
 WARN [2015-07-09 19:47:37,064] (ProjectPackageFactory.java:loadComponentFolder:308) - No components found for component folder 'src/components
 WARN [2015-07-09 19:47:37,083] (ProjectPackageFactory.java:loadComponentFolder:308) - No components found for component folder 'src/staticresources
